<?xml version="1.0" encoding="UTF-8"?>
<!-- Generated by org.testng.reporters.JUnitReportReporter -->
<testsuite hostname="God-PC" failures="0" tests="1" name="com.qa.testscripts.normal" time="307.829" errors="0" timestamp="2022-12-05T12:15:23 IST" skipped="0">
  <testcase classname="com.qa.testscripts.normal" name="Nor" time="307.829"/>
  <system-out/>
</testsuite> <!-- com.qa.testscripts.normal -->
